[00:33:04] [main/INFO]: Setting user: IamRob_
[00:33:05] [Client thread/INFO]: LWJGL Version: 2.9.1
[00:33:12] [Client thread/INFO]: Reloading ResourceManager: Default, FMLFileResourcePack:Forge Mod Loader, FMLFileResourcePack:Minecraft Forge, FMLFileResourcePack:MultiLink, FMLFileResourcePack:Mystcraft
[00:33:13] [Sound Library Loader/INFO]: Sound engine started
[00:33:13] [Client thread/WARN]: File mystcraft:sounds/linking/pop.ogg does not exist, cannot add it to event mystcraft:linking.pop
[00:33:14] [Client thread/INFO]: Created: 512x256 textures/blocks-atlas
[00:33:14] [Client thread/INFO]: Created: 256x256 textures/items-atlas
[00:33:15] [Client thread/INFO]: Reloading ResourceManager: Default, FMLFileResourcePack:Forge Mod Loader, FMLFileResourcePack:Minecraft Forge, FMLFileResourcePack:MultiLink, FMLFileResourcePack:Mystcraft
[00:33:15] [Client thread/INFO]: Created: 256x256 textures/items-atlas
[00:33:16] [Client thread/INFO]: Created: 512x256 textures/blocks-atlas
[00:33:17] [Sound Library Loader/INFO]: Sound engine started
[00:33:17] [Client thread/WARN]: File mystcraft:sounds/linking/pop.ogg does not exist, cannot add it to event mystcraft:linking.pop
[00:33:22] [Server thread/INFO]: Starting integrated minecraft server version 1.7.10
[00:33:22] [Server thread/INFO]: Generating keypair
[00:33:22] [Server thread/INFO]: Preparing start region for level 0
[00:33:23] [Server thread/INFO]: Changing view distance to 12, from 10
[00:33:23] [Server thread/INFO]: IamRob_[local:E:54cb8fc6] logged in with entity id 0 at (-897.5443414045003, 56.0, -679.4017934170439)
[00:33:23] [Server thread/INFO]: IamRob_ joined the game
[00:34:25] [Client thread/INFO]: Stopping!
[00:34:25] [Server thread/INFO]: Stopping server
[00:34:25] [Server thread/INFO]: Saving players
[00:34:25] [Server thread/INFO]: Saving worlds
[00:34:25] [Server thread/INFO]: Saving chunks for level 'Flat'/Overworld
[00:34:25] [Server thread/INFO]: Saving chunks for level 'Flat'/Nether
[00:34:25] [Server thread/INFO]: Saving chunks for level 'Flat'/The End
